* installing *source* package ‘recurse’ ...
** package ‘recurse’ correctement décompressé et sommes MD5 vérifiées
** using staged installation
** libs
g++ -std=gnu++11 -I"/opt/R/3.6.0/lib64/R/include" -DNDEBUG  -I"/data/user/l/jlarmarange/prevR/revdep/library/recurse/Rcpp/include" -I/usr/local/include  -fpic  -g -O2  -c RcppExports.cpp -o RcppExports.o
g++ -std=gnu++11 -I"/opt/R/3.6.0/lib64/R/include" -DNDEBUG  -I"/data/user/l/jlarmarange/prevR/revdep/library/recurse/Rcpp/include" -I/usr/local/include  -fpic  -g -O2  -c RecurseCalculator.cpp -o RecurseCalculator.o
g++ -std=gnu++11 -shared -L/opt/R/3.6.0/lib64/R/lib -L/usr/local/lib64 -o recurse.so RcppExports.o RecurseCalculator.o -L/opt/R/3.6.0/lib64/R/lib -lR
installing to /data/user/l/jlarmarange/prevR/revdep/checks/recurse/new/recurse.Rcheck/00LOCK-recurse/00new/recurse/libs
** R
** data
*** moving datasets to lazyload DB
** inst
** byte-compile and prepare package for lazy loading
** help
*** installing help indices
** building package indices
** installing vignettes
** testing if installed package can be loaded from temporary location
** checking absolute paths in shared objects and dynamic libraries
** testing if installed package can be loaded from final location
** testing if installed package keeps a record of temporary installation path
* DONE (recurse)
